ERROR 2025-12-05 20:06:46,744 log 22276 2708 Internal Server Error: /
Traceback (most recent call last):
  File "D:\JetBra\interior\.venv\Lib\site-packages\django\core\handlers\exception.py", line 55, in inner
    response = get_response(request)
  File "D:\JetBra\interior\.venv\Lib\site-packages\django\core\handlers\base.py", line 198, in _get_response
    response = wrapped_callback(request, *callback_args, **callback_kwargs)
  File "D:\JetBra\interior\renta\rental\views\home.py", line 35, in home
    featured_spaces = Space.objects.featured().with_relations()[:6]
                      ^^^^^^^^^^^^^^^^^^^^^^^^^^^^^^^^^^^^^^^
AttributeError: 'QuerySet' object has no attribute 'with_relations'
ERROR 2025-12-05 20:06:46,800 log 22276 2708 "GET / HTTP/1.1" 500 71382
ERROR 2025-12-05 20:08:45,221 log 1352 9284 Internal Server Error: /register/
Traceback (most recent call last):
  File "D:\JetBra\interior\.venv\Lib\site-packages\django\core\handlers\exception.py", line 55, in inner
    response = get_response(request)
  File "D:\JetBra\interior\.venv\Lib\site-packages\django\core\handlers\base.py", line 198, in _get_response
    response = wrapped_callback(request, *callback_args, **callback_kwargs)
  File "D:\JetBra\interior\renta\rental\views\auth.py", line 68, in register_view
    if form.is_valid():
       ~~~~~~~~~~~~~^^
  File "D:\JetBra\interior\.venv\Lib\site-packages\django\forms\forms.py", line 206, in is_valid
    return self.is_bound and not self.errors
                                 ^^^^^^^^^^^
  File "D:\JetBra\interior\.venv\Lib\site-packages\django\forms\forms.py", line 201, in errors
    self.full_clean()
    ~~~~~~~~~~~~~~~^^
  File "D:\JetBra\interior\.venv\Lib\site-packages\django\forms\forms.py", line 337, in full_clean
    self._clean_fields()
    ~~~~~~~~~~~~~~~~~~^^
  File "D:\JetBra\interior\.venv\Lib\site-packages\django\forms\forms.py", line 345, in _clean_fields
    self.cleaned_data[name] = field._clean_bound_field(bf)
                              ~~~~~~~~~~~~~~~~~~~~~~~~^^^^
  File "D:\JetBra\interior\.venv\Lib\site-packages\django\forms\fields.py", line 272, in _clean_bound_field
    return self.clean(value)
           ~~~~~~~~~~^^^^^^^
  File "D:\JetBra\interior\.venv\Lib\site-packages\django\forms\fields.py", line 209, in clean
    self.run_validators(value)
    ~~~~~~~~~~~~~~~~~~~^^^^^^^
  File "D:\JetBra\interior\.venv\Lib\site-packages\django\forms\fields.py", line 194, in run_validators
    v(value)
    ~^^^^^^^
  File "D:\JetBra\interior\.venv\Lib\site-packages\django\core\validators.py", line 52, in __call__
    regex_matches = self.regex.search(str(value))
                    ^^^^^^^^^^^^^^^^^
  File "D:\JetBra\interior\.venv\Lib\site-packages\django\utils\functional.py", line 251, in inner
    self._setup()
    ~~~~~~~~~~~^^
  File "D:\JetBra\interior\.venv\Lib\site-packages\django\utils\functional.py", line 404, in _setup
    self._wrapped = self._setupfunc()
                    ~~~~~~~~~~~~~~~^^
  File "D:\JetBra\interior\.venv\Lib\site-packages\django\utils\regex_helper.py", line 349, in _compile
    return re.compile(regex, flags)
           ~~~~~~~~~~^^^^^^^^^^^^^^
  File "C:\Users\marko\AppData\Local\Programs\Python\Python314\Lib\re\__init__.py", line 289, in compile
    return _compile(pattern, flags)
  File "C:\Users\marko\AppData\Local\Programs\Python\Python314\Lib\re\__init__.py", line 350, in _compile
    p = _compiler.compile(pattern, flags)
  File "C:\Users\marko\AppData\Local\Programs\Python\Python314\Lib\re\_compiler.py", line 762, in compile
    p = _parser.parse(p, flags)
  File "C:\Users\marko\AppData\Local\Programs\Python\Python314\Lib\re\_parser.py", line 973, in parse
    p = _parse_sub(source, state, flags & SRE_FLAG_VERBOSE, 0)
  File "C:\Users\marko\AppData\Local\Programs\Python\Python314\Lib\re\_parser.py", line 460, in _parse_sub
    itemsappend(_parse(source, state, verbose, nested + 1,
                ~~~~~~^^^^^^^^^^^^^^^^^^^^^^^^^^^^^^^^^^^^
                       not nested and not items))
                       ^^^^^^^^^^^^^^^^^^^^^^^^^
  File "C:\Users\marko\AppData\Local\Programs\Python\Python314\Lib\re\_parser.py", line 687, in _parse
    raise source.error("nothing to repeat",
                       source.tell() - here + len(this))
re.PatternError: nothing to repeat at position 18
ERROR 2025-12-05 20:08:45,232 log 1352 9284 "POST /register/ HTTP/1.1" 500 144536
ERROR 2025-12-05 20:10:25,941 log 16840 13064 Internal Server Error: /register/
Traceback (most recent call last):
  File "D:\JetBra\interior\.venv\Lib\site-packages\django\core\handlers\exception.py", line 55, in inner
    response = get_response(request)
  File "D:\JetBra\interior\.venv\Lib\site-packages\django\core\handlers\base.py", line 198, in _get_response
    response = wrapped_callback(request, *callback_args, **callback_kwargs)
  File "D:\JetBra\interior\renta\rental\views\auth.py", line 68, in register_view
    if form.is_valid():
       ~~~~~~~~~~~~~^^
  File "D:\JetBra\interior\.venv\Lib\site-packages\django\forms\forms.py", line 206, in is_valid
    return self.is_bound and not self.errors
                                 ^^^^^^^^^^^
  File "D:\JetBra\interior\.venv\Lib\site-packages\django\forms\forms.py", line 201, in errors
    self.full_clean()
    ~~~~~~~~~~~~~~~^^
  File "D:\JetBra\interior\.venv\Lib\site-packages\django\forms\forms.py", line 337, in full_clean
    self._clean_fields()
    ~~~~~~~~~~~~~~~~~~^^
  File "D:\JetBra\interior\.venv\Lib\site-packages\django\forms\forms.py", line 345, in _clean_fields
    self.cleaned_data[name] = field._clean_bound_field(bf)
                              ~~~~~~~~~~~~~~~~~~~~~~~~^^^^
  File "D:\JetBra\interior\.venv\Lib\site-packages\django\forms\fields.py", line 272, in _clean_bound_field
    return self.clean(value)
           ~~~~~~~~~~^^^^^^^
  File "D:\JetBra\interior\.venv\Lib\site-packages\django\forms\fields.py", line 209, in clean
    self.run_validators(value)
    ~~~~~~~~~~~~~~~~~~~^^^^^^^
  File "D:\JetBra\interior\.venv\Lib\site-packages\django\forms\fields.py", line 194, in run_validators
    v(value)
    ~^^^^^^^
  File "D:\JetBra\interior\.venv\Lib\site-packages\django\core\validators.py", line 52, in __call__
    regex_matches = self.regex.search(str(value))
                    ^^^^^^^^^^^^^^^^^
  File "D:\JetBra\interior\.venv\Lib\site-packages\django\utils\functional.py", line 251, in inner
    self._setup()
    ~~~~~~~~~~~^^
  File "D:\JetBra\interior\.venv\Lib\site-packages\django\utils\functional.py", line 404, in _setup
    self._wrapped = self._setupfunc()
                    ~~~~~~~~~~~~~~~^^
  File "D:\JetBra\interior\.venv\Lib\site-packages\django\utils\regex_helper.py", line 349, in _compile
    return re.compile(regex, flags)
           ~~~~~~~~~~^^^^^^^^^^^^^^
  File "C:\Users\marko\AppData\Local\Programs\Python\Python314\Lib\re\__init__.py", line 289, in compile
    return _compile(pattern, flags)
  File "C:\Users\marko\AppData\Local\Programs\Python\Python314\Lib\re\__init__.py", line 350, in _compile
    p = _compiler.compile(pattern, flags)
  File "C:\Users\marko\AppData\Local\Programs\Python\Python314\Lib\re\_compiler.py", line 762, in compile
    p = _parser.parse(p, flags)
  File "C:\Users\marko\AppData\Local\Programs\Python\Python314\Lib\re\_parser.py", line 973, in parse
    p = _parse_sub(source, state, flags & SRE_FLAG_VERBOSE, 0)
  File "C:\Users\marko\AppData\Local\Programs\Python\Python314\Lib\re\_parser.py", line 460, in _parse_sub
    itemsappend(_parse(source, state, verbose, nested + 1,
                ~~~~~~^^^^^^^^^^^^^^^^^^^^^^^^^^^^^^^^^^^^
                       not nested and not items))
                       ^^^^^^^^^^^^^^^^^^^^^^^^^
  File "C:\Users\marko\AppData\Local\Programs\Python\Python314\Lib\re\_parser.py", line 687, in _parse
    raise source.error("nothing to repeat",
                       source.tell() - here + len(this))
re.PatternError: nothing to repeat at position 18
ERROR 2025-12-05 20:10:25,952 log 16840 13064 "POST /register/ HTTP/1.1" 500 144536
WARNING 2025-12-05 20:11:22,411 log 16840 12184 Not Found: /admin_site/
WARNING 2025-12-05 20:11:22,411 log 16840 12184 "GET /admin_site/ HTTP/1.1" 404 7712
ERROR 2025-12-05 20:12:03,654 log 16840 28200 Internal Server Error: /bookings/3/
Traceback (most recent call last):
  File "D:\JetBra\interior\.venv\Lib\site-packages\django\template\smartif.py", line 181, in translate_token
    op = OPERATORS[token]
         ~~~~~~~~~^^^^^^^
KeyError: 'booking.start_datetime|timesince_hours'

During handling of the above exception, another exception occurred:

Traceback (most recent call last):
  File "D:\JetBra\interior\.venv\Lib\site-packages\django\core\handlers\exception.py", line 55, in inner
    response = get_response(request)
  File "D:\JetBra\interior\.venv\Lib\site-packages\django\core\handlers\base.py", line 198, in _get_response
    response = wrapped_callback(request, *callback_args, **callback_kwargs)
  File "D:\JetBra\interior\.venv\Lib\site-packages\django\contrib\auth\decorators.py", line 59, in _view_wrapper
    return view_func(request, *args, **kwargs)
  File "D:\JetBra\interior\renta\rental\views\bookings.py", line 163, in booking_detail
    return render(request, 'bookings/detail.html', context)
  File "D:\JetBra\interior\.venv\Lib\site-packages\django\shortcuts.py", line 25, in render
    content = loader.render_to_string(template_name, context, request, using=using)
  File "D:\JetBra\interior\.venv\Lib\site-packages\django\template\loader.py", line 61, in render_to_string
    template = get_template(template_name, using=using)
  File "D:\JetBra\interior\.venv\Lib\site-packages\django\template\loader.py", line 15, in get_template
    return engine.get_template(template_name)
           ~~~~~~~~~~~~~~~~~~~^^^^^^^^^^^^^^^
  File "D:\JetBra\interior\.venv\Lib\site-packages\django\template\backends\django.py", line 79, in get_template
    return Template(self.engine.get_template(template_name), self)
                    ~~~~~~~~~~~~~~~~~~~~~~~~^^^^^^^^^^^^^^^
  File "D:\JetBra\interior\.venv\Lib\site-packages\django\template\engine.py", line 186, in get_template
    template, origin = self.find_template(template_name)
                       ~~~~~~~~~~~~~~~~~~^^^^^^^^^^^^^^^
  File "D:\JetBra\interior\.venv\Lib\site-packages\django\template\engine.py", line 159, in find_template
    template = loader.get_template(name, skip=skip)
  File "D:\JetBra\interior\.venv\Lib\site-packages\django\template\loaders\cached.py", line 57, in get_template
    template = super().get_template(template_name, skip)
  File "D:\JetBra\interior\.venv\Lib\site-packages\django\template\loaders\base.py", line 28, in get_template
    return Template(
        contents,
    ...<2 lines>...
        self.engine,
    )
  File "D:\JetBra\interior\.venv\Lib\site-packages\django\template\base.py", line 157, in __init__
    self.nodelist = self.compile_nodelist()
                    ~~~~~~~~~~~~~~~~~~~~~^^
  File "D:\JetBra\interior\.venv\Lib\site-packages\django\template\base.py", line 199, in compile_nodelist
    nodelist = parser.parse()
  File "D:\JetBra\interior\.venv\Lib\site-packages\django\template\base.py", line 585, in parse
    raise self.error(token, e)
  File "D:\JetBra\interior\.venv\Lib\site-packages\django\template\base.py", line 583, in parse
    compiled_result = compile_func(self, token)
  File "D:\JetBra\interior\.venv\Lib\site-packages\django\template\loader_tags.py", line 307, in do_extends
    nodelist = parser.parse()
  File "D:\JetBra\interior\.venv\Lib\site-packages\django\template\base.py", line 585, in parse
    raise self.error(token, e)
  File "D:\JetBra\interior\.venv\Lib\site-packages\django\template\base.py", line 583, in parse
    compiled_result = compile_func(self, token)
  File "D:\JetBra\interior\.venv\Lib\site-packages\django\template\loader_tags.py", line 235, in do_block
    nodelist = parser.parse(("endblock",))
  File "D:\JetBra\interior\.venv\Lib\site-packages\django\template\base.py", line 585, in parse
    raise self.error(token, e)
  File "D:\JetBra\interior\.venv\Lib\site-packages\django\template\base.py", line 583, in parse
    compiled_result = compile_func(self, token)
  File "D:\JetBra\interior\.venv\Lib\site-packages\django\template\defaulttags.py", line 994, in do_if
    nodelist = parser.parse(("elif", "else", "endif"))
  File "D:\JetBra\interior\.venv\Lib\site-packages\django\template\base.py", line 585, in parse
    raise self.error(token, e)
  File "D:\JetBra\interior\.venv\Lib\site-packages\django\template\base.py", line 583, in parse
    compiled_result = compile_func(self, token)
  File "D:\JetBra\interior\.venv\Lib\site-packages\django\template\defaulttags.py", line 993, in do_if
    condition = TemplateIfParser(parser, bits).parse()
                ~~~~~~~~~~~~~~~~^^^^^^^^^^^^^^
  File "D:\JetBra\interior\.venv\Lib\site-packages\django\template\defaulttags.py", line 926, in __init__
    super().__init__(*args, **kwargs)
    ~~~~~~~~~~~~~~~~^^^^^^^^^^^^^^^^^
  File "D:\JetBra\interior\.venv\Lib\site-packages\django\template\smartif.py", line 172, in __init__
    mapped_tokens.append(self.translate_token(token))
                         ~~~~~~~~~~~~~~~~~~~~^^^^^^^
  File "D:\JetBra\interior\.venv\Lib\site-packages\django\template\smartif.py", line 183, in translate_token
    return self.create_var(token)
           ~~~~~~~~~~~~~~~^^^^^^^
  File "D:\JetBra\interior\.venv\Lib\site-packages\django\template\defaulttags.py", line 929, in create_var
    return TemplateLiteral(self.template_parser.compile_filter(value), value)
                           ~~~~~~~~~~~~~~~~~~~~~~~~~~~~~~~~~~~^^^^^^^
  File "D:\JetBra\interior\.venv\Lib\site-packages\django\template\base.py", line 676, in compile_filter
    return FilterExpression(token, self)
  File "D:\JetBra\interior\.venv\Lib\site-packages\django\template\base.py", line 771, in __init__
    filter_func = parser.find_filter(filter_name)
  File "D:\JetBra\interior\.venv\Lib\site-packages\django\template\base.py", line 682, in find_filter
    raise TemplateSyntaxError("Invalid filter: '%s'" % filter_name)
django.template.exceptions.TemplateSyntaxError: Template: D:\JetBra\interior\renta\templates\bookings\detail.html, Invalid filter: 'timesince_hours'
ERROR 2025-12-05 20:12:03,669 log 16840 28200 "GET /bookings/3/ HTTP/1.1" 500 268481
ERROR 2025-12-05 20:12:55,590 log 16840 25572 Internal Server Error: /profile/
Traceback (most recent call last):
  File "D:\JetBra\interior\.venv\Lib\site-packages\django\core\handlers\exception.py", line 55, in inner
    response = get_response(request)
  File "D:\JetBra\interior\.venv\Lib\site-packages\django\core\handlers\base.py", line 198, in _get_response
    response = wrapped_callback(request, *callback_args, **callback_kwargs)
  File "D:\JetBra\interior\.venv\Lib\site-packages\django\contrib\auth\decorators.py", line 59, in _view_wrapper
    return view_func(request, *args, **kwargs)
  File "D:\JetBra\interior\renta\rental\views\account.py", line 90, in profile
    if user_form.is_valid() and profile_form.is_valid():
       ~~~~~~~~~~~~~~~~~~^^
  File "D:\JetBra\interior\.venv\Lib\site-packages\django\forms\forms.py", line 206, in is_valid
    return self.is_bound and not self.errors
                                 ^^^^^^^^^^^
  File "D:\JetBra\interior\.venv\Lib\site-packages\django\forms\forms.py", line 201, in errors
    self.full_clean()
    ~~~~~~~~~~~~~~~^^
  File "D:\JetBra\interior\.venv\Lib\site-packages\django\forms\forms.py", line 337, in full_clean
    self._clean_fields()
    ~~~~~~~~~~~~~~~~~~^^
  File "D:\JetBra\interior\.venv\Lib\site-packages\django\forms\forms.py", line 345, in _clean_fields
    self.cleaned_data[name] = field._clean_bound_field(bf)
                              ~~~~~~~~~~~~~~~~~~~~~~~~^^^^
  File "D:\JetBra\interior\.venv\Lib\site-packages\django\forms\fields.py", line 272, in _clean_bound_field
    return self.clean(value)
           ~~~~~~~~~~^^^^^^^
  File "D:\JetBra\interior\.venv\Lib\site-packages\django\forms\fields.py", line 209, in clean
    self.run_validators(value)
    ~~~~~~~~~~~~~~~~~~~^^^^^^^
  File "D:\JetBra\interior\.venv\Lib\site-packages\django\forms\fields.py", line 194, in run_validators
    v(value)
    ~^^^^^^^
  File "D:\JetBra\interior\.venv\Lib\site-packages\django\core\validators.py", line 52, in __call__
    regex_matches = self.regex.search(str(value))
                    ^^^^^^^^^^^^^^^^^
  File "D:\JetBra\interior\.venv\Lib\site-packages\django\utils\functional.py", line 251, in inner
    self._setup()
    ~~~~~~~~~~~^^
  File "D:\JetBra\interior\.venv\Lib\site-packages\django\utils\functional.py", line 404, in _setup
    self._wrapped = self._setupfunc()
                    ~~~~~~~~~~~~~~~^^
  File "D:\JetBra\interior\.venv\Lib\site-packages\django\utils\regex_helper.py", line 349, in _compile
    return re.compile(regex, flags)
           ~~~~~~~~~~^^^^^^^^^^^^^^
  File "C:\Users\marko\AppData\Local\Programs\Python\Python314\Lib\re\__init__.py", line 289, in compile
    return _compile(pattern, flags)
  File "C:\Users\marko\AppData\Local\Programs\Python\Python314\Lib\re\__init__.py", line 350, in _compile
    p = _compiler.compile(pattern, flags)
  File "C:\Users\marko\AppData\Local\Programs\Python\Python314\Lib\re\_compiler.py", line 762, in compile
    p = _parser.parse(p, flags)
  File "C:\Users\marko\AppData\Local\Programs\Python\Python314\Lib\re\_parser.py", line 973, in parse
    p = _parse_sub(source, state, flags & SRE_FLAG_VERBOSE, 0)
  File "C:\Users\marko\AppData\Local\Programs\Python\Python314\Lib\re\_parser.py", line 460, in _parse_sub
    itemsappend(_parse(source, state, verbose, nested + 1,
                ~~~~~~^^^^^^^^^^^^^^^^^^^^^^^^^^^^^^^^^^^^
                       not nested and not items))
                       ^^^^^^^^^^^^^^^^^^^^^^^^^
  File "C:\Users\marko\AppData\Local\Programs\Python\Python314\Lib\re\_parser.py", line 687, in _parse
    raise source.error("nothing to repeat",
                       source.tell() - here + len(this))
re.PatternError: nothing to repeat at position 18
ERROR 2025-12-05 20:12:55,601 log 16840 25572 "POST /profile/ HTTP/1.1" 500 151353
ERROR 2025-12-05 20:22:03,993 bookings 11488 16696 Error in booking_detail view for pk=4: Template: D:\JetBra\interior\renta\templates\bookings\detail.html, Invalid filter: 'timesince_hours'
Traceback (most recent call last):
  File "D:\JetBra\interior\.venv\Lib\site-packages\django\template\smartif.py", line 181, in translate_token
    op = OPERATORS[token]
         ~~~~~~~~~^^^^^^^
KeyError: 'booking.start_datetime|timesince_hours'

During handling of the above exception, another exception occurred:

Traceback (most recent call last):
  File "D:\JetBra\interior\renta\rental\views\bookings.py", line 190, in booking_detail
    return render(request, 'bookings/detail.html', context)
  File "D:\JetBra\interior\.venv\Lib\site-packages\django\shortcuts.py", line 25, in render
    content = loader.render_to_string(template_name, context, request, using=using)
  File "D:\JetBra\interior\.venv\Lib\site-packages\django\template\loader.py", line 61, in render_to_string
    template = get_template(template_name, using=using)
  File "D:\JetBra\interior\.venv\Lib\site-packages\django\template\loader.py", line 15, in get_template
    return engine.get_template(template_name)
           ~~~~~~~~~~~~~~~~~~~^^^^^^^^^^^^^^^
  File "D:\JetBra\interior\.venv\Lib\site-packages\django\template\backends\django.py", line 79, in get_template
    return Template(self.engine.get_template(template_name), self)
                    ~~~~~~~~~~~~~~~~~~~~~~~~^^^^^^^^^^^^^^^
  File "D:\JetBra\interior\.venv\Lib\site-packages\django\template\engine.py", line 186, in get_template
    template, origin = self.find_template(template_name)
                       ~~~~~~~~~~~~~~~~~~^^^^^^^^^^^^^^^
  File "D:\JetBra\interior\.venv\Lib\site-packages\django\template\engine.py", line 159, in find_template
    template = loader.get_template(name, skip=skip)
  File "D:\JetBra\interior\.venv\Lib\site-packages\django\template\loaders\cached.py", line 57, in get_template
    template = super().get_template(template_name, skip)
  File "D:\JetBra\interior\.venv\Lib\site-packages\django\template\loaders\base.py", line 28, in get_template
    return Template(
        contents,
    ...<2 lines>...
        self.engine,
    )
  File "D:\JetBra\interior\.venv\Lib\site-packages\django\template\base.py", line 157, in __init__
    self.nodelist = self.compile_nodelist()
                    ~~~~~~~~~~~~~~~~~~~~~^^
  File "D:\JetBra\interior\.venv\Lib\site-packages\django\template\base.py", line 199, in compile_nodelist
    nodelist = parser.parse()
  File "D:\JetBra\interior\.venv\Lib\site-packages\django\template\base.py", line 585, in parse
    raise self.error(token, e)
  File "D:\JetBra\interior\.venv\Lib\site-packages\django\template\base.py", line 583, in parse
    compiled_result = compile_func(self, token)
  File "D:\JetBra\interior\.venv\Lib\site-packages\django\template\loader_tags.py", line 307, in do_extends
    nodelist = parser.parse()
  File "D:\JetBra\interior\.venv\Lib\site-packages\django\template\base.py", line 585, in parse
    raise self.error(token, e)
  File "D:\JetBra\interior\.venv\Lib\site-packages\django\template\base.py", line 583, in parse
    compiled_result = compile_func(self, token)
  File "D:\JetBra\interior\.venv\Lib\site-packages\django\template\loader_tags.py", line 235, in do_block
    nodelist = parser.parse(("endblock",))
  File "D:\JetBra\interior\.venv\Lib\site-packages\django\template\base.py", line 585, in parse
    raise self.error(token, e)
  File "D:\JetBra\interior\.venv\Lib\site-packages\django\template\base.py", line 583, in parse
    compiled_result = compile_func(self, token)
  File "D:\JetBra\interior\.venv\Lib\site-packages\django\template\defaulttags.py", line 994, in do_if
    nodelist = parser.parse(("elif", "else", "endif"))
  File "D:\JetBra\interior\.venv\Lib\site-packages\django\template\base.py", line 585, in parse
    raise self.error(token, e)
  File "D:\JetBra\interior\.venv\Lib\site-packages\django\template\base.py", line 583, in parse
    compiled_result = compile_func(self, token)
  File "D:\JetBra\interior\.venv\Lib\site-packages\django\template\defaulttags.py", line 993, in do_if
    condition = TemplateIfParser(parser, bits).parse()
                ~~~~~~~~~~~~~~~~^^^^^^^^^^^^^^
  File "D:\JetBra\interior\.venv\Lib\site-packages\django\template\defaulttags.py", line 926, in __init__
    super().__init__(*args, **kwargs)
    ~~~~~~~~~~~~~~~~^^^^^^^^^^^^^^^^^
  File "D:\JetBra\interior\.venv\Lib\site-packages\django\template\smartif.py", line 172, in __init__
    mapped_tokens.append(self.translate_token(token))
                         ~~~~~~~~~~~~~~~~~~~~^^^^^^^
  File "D:\JetBra\interior\.venv\Lib\site-packages\django\template\smartif.py", line 183, in translate_token
    return self.create_var(token)
           ~~~~~~~~~~~~~~~^^^^^^^
  File "D:\JetBra\interior\.venv\Lib\site-packages\django\template\defaulttags.py", line 929, in create_var
    return TemplateLiteral(self.template_parser.compile_filter(value), value)
                           ~~~~~~~~~~~~~~~~~~~~~~~~~~~~~~~~~~~^^^^^^^
  File "D:\JetBra\interior\.venv\Lib\site-packages\django\template\base.py", line 676, in compile_filter
    return FilterExpression(token, self)
  File "D:\JetBra\interior\.venv\Lib\site-packages\django\template\base.py", line 771, in __init__
    filter_func = parser.find_filter(filter_name)
  File "D:\JetBra\interior\.venv\Lib\site-packages\django\template\base.py", line 682, in find_filter
    raise TemplateSyntaxError("Invalid filter: '%s'" % filter_name)
django.template.exceptions.TemplateSyntaxError: Template: D:\JetBra\interior\renta\templates\bookings\detail.html, Invalid filter: 'timesince_hours'
